                      *******************************************************************************
                      * @test           demo-09
                      * @author         Janosch Reinking
                      * @version        1.0.0
                      * @date           01-01-2022 12-00-00
                      *******************************************************************************
INFO             main -------------------------------------------------------------------------------
                      Start runner 'tsk3'
                      -------------------------------------------------------------------------------
INFO             main -------------------------------------------------------------------------------
                      Start runner 'tsk2'
                      -------------------------------------------------------------------------------
INFO             main -------------------------------------------------------------------------------
                      Start runner 'tsk1'
                      -------------------------------------------------------------------------------
INFO             main -------------------------------------------------------------------------------
                      Exit of 'tsk3'
                      -------------------------------------------------------------------------------
INFO             main -------------------------------------------------------------------------------
                      Exit of 'tsk2'
                      -------------------------------------------------------------------------------
INFO             main -------------------------------------------------------------------------------
                      Exit of 'tsk1'
                      -------------------------------------------------------------------------------
                      *******************************************************************************
                      * FAILURES:                0                                               PASS
                      * WARNINGS:                0                                               PASS 
                      * INV VIOLATION:           0                                               PASS 
                      *
                      * TOTAL:                                                             NOT TESTED
                      *******************************************************************************
