                      *******************************************************************************
                      * @test           demo-13
                      * @author         Janosch Reinking
                      * @version        1.0.0
                      * @date           01-01-2022 12-00-00
                      *******************************************************************************
INFO             main -------------------------------------------------------------------------------
                      Start runner 'main'
                      -------------------------------------------------------------------------------
FAIL 0000000000  main /home/root/pro-test/demos/demo13/main.pt.cpp:146
                      Function is not protected!
FAIL 0000000000  main /home/root/pro-test/demos/demo13/main.pt.cpp:135
                      Min execution time not reached!
                      Expected min: 100 ms
                           But got: 0 ms
INFO             main -------------------------------------------------------------------------------
                      Exit of 'main'
                      -------------------------------------------------------------------------------
                      *******************************************************************************
                      * FAILURES:                0                                               PASS
                      * WARNINGS:                0                                               PASS 
                      * INV VIOLATION:           0                                               PASS 
                      *
                      * TOTAL:                                                             NOT TESTED
                      *******************************************************************************
