                      *******************************************************************************
                      * @test           demo-14
                      * @author         Janosch Reinking
                      * @version        1.0.0
                      * @date           01-01-2022 12-00-00
                      *******************************************************************************
INFO             main -------------------------------------------------------------------------------
                      Start runner 'main'
                      -------------------------------------------------------------------------------
INFO 0000000000  main /home/root/pro-test/demos/demo14/main.pt.cpp:52
                      44
INFO 0000000000  main /home/root/pro-test/demos/demo14/main.pt.cpp:55
                      45
INFO 0000000000  main /home/root/pro-test/demos/demo14/main.pt.cpp:58
                      46
INFO 0000000000  main /home/root/pro-test/demos/demo14/main.pt.cpp:61
                      40
INFO 0000000000  main /home/root/pro-test/demos/demo14/main.pt.cpp:64
                      41
INFO 0000000000  main /home/root/pro-test/demos/demo14/main.pt.cpp:67
                      42
INFO 0000000000  main /home/root/pro-test/demos/demo14/main.pt.cpp:70
                      43
INFO 0000000000  main /home/root/pro-test/demos/demo14/main.pt.cpp:73
                      42
INFO             main -------------------------------------------------------------------------------
                      Exit of 'main'
                      -------------------------------------------------------------------------------
                      *******************************************************************************
                      * FAILURES:                0                                               PASS
                      * WARNINGS:                0                                               PASS 
                      * INV VIOLATION:           0                                               PASS 
                      *
                      * TOTAL:                                                             NOT TESTED
                      *******************************************************************************
