                      *******************************************************************************
                      * @test           demo-08
                      * @author         Janosch Reinking
                      * @version        1.0.0
                      * @date           01-01-2022 12-00-00
                      *******************************************************************************
INFO             main -------------------------------------------------------------------------------
                      Start runner 'main'
                      -------------------------------------------------------------------------------
INFO             main ===============================================================================
                      Section                                           basic print block comment (1)
                      -------------------------------------------------------------------------------
INFO             main Should be printed
INFO             main -------------------------------------------------------------------------------
                      End section                                       basic print block comment (1)
                      ===============================================================================
INFO             main ===============================================================================
                      Section                                                         auto format (2)
                      -------------------------------------------------------------------------------
INFO             main This is a looooooooooong sentence. It should be splitted into multiple lines.
                      Whereas each line should not have more then 80 chars.
INFO             main These words should be printed as a single line
INFO             main -------------------------------------------------------------------------------
                      End section                                                     auto format (2)
                      ===============================================================================
INFO             main ===============================================================================
                      Section                                                           seperator (3)
                      -------------------------------------------------------------------------------
INFO             main -------------------------------------------------------------------------------
                      This is a looooooooooong sentence. It should be splitted into multiple lines.
                      Whereas each line should not have more then 80 chars.
INFO             main -------------------------------------------------------------------------------
                      These words should be printed as a single line
INFO             main -------------------------------------------------------------------------------
                      End section                                                       seperator (3)
                      ===============================================================================
INFO             main -------------------------------------------------------------------------------
                      Exit of 'main'
                      -------------------------------------------------------------------------------
                      *******************************************************************************
                      * FAILURES:                0                                               PASS
                      * WARNINGS:                0                                               PASS 
                      * INV VIOLATION:           0                                               PASS 
                      *
                      * TOTAL:                                                             NOT TESTED
                      *******************************************************************************
