                      *******************************************************************************
                      * @test           tutorial-01
                      * @version        1.0.0
                      * @date           01-01-2022 12-00-00
                      *******************************************************************************
INFO             main -------------------------------------------------------------------------------
                      Start runner 'thd'
                      -------------------------------------------------------------------------------
INFO             main -------------------------------------------------------------------------------
                      Start runner 'main'
                      -------------------------------------------------------------------------------
INFO 0000000000   thd /home/root/pro-test/demos/tutorial01/sut/simple_thread.cpp:12
                      Start and ... 
INFO 0000001000   thd /home/root/pro-test/demos/tutorial01/sut/simple_thread.cpp:14
                       ... stop                       
PASS 0000001000  main /home/root/pro-test/demos/tutorial01/main.pt.cpp:38
                      PASS: the condition evaluates to true:
                      'sw.lap() == 1000_ms'
INFO             main -------------------------------------------------------------------------------
                      Exit of 'thd'
                      -------------------------------------------------------------------------------
INFO             main -------------------------------------------------------------------------------
                      Exit of 'main'
                      -------------------------------------------------------------------------------
                      *******************************************************************************
                      * FAILURES:                0                                               PASS
                      * WARNINGS:                0                                               PASS 
                      * INV VIOLATION:           0                                               PASS 
                      *
                      * TOTAL:                                                                   PASS
                      *******************************************************************************
